<?xml version="1.0" encoding="UTF-8"?>
<!-- Generated by org.testng.reporters.JUnitReportReporter -->
<testsuite hostname="DESKTOP-3P7B85N" failures="0" tests="1" name="Mainproject.ManageCategorySearchTest" time="3.599" errors="0" timestamp="2025-06-25T11:51:13 IST" skipped="0">
  <testcase classname="Mainproject.ManageCategorySearchTest" name="manageCategorySearchTest" time="3.599"/>
</testsuite> <!-- Mainproject.ManageCategorySearchTest -->
