<?xml version="1.0" encoding="UTF-8"?>
<!-- Generated by org.testng.reporters.JUnitReportReporter -->
<testsuite hostname="DESKTOP-3P7B85N" failures="0" tests="1" name="Mainproject.LogoutTest" time="3.368" errors="0" timestamp="2025-06-15T07:53:48 IST" skipped="0">
  <testcase classname="Mainproject.LogoutTest" name="logout" time="3.368"/>
</testsuite> <!-- Mainproject.LogoutTest -->
