<?xml version="1.0" encoding="UTF-8"?>
<!-- Generated by org.testng.reporters.JUnitReportReporter -->
<testsuite hostname="DESKTOP-3P7B85N" failures="0" tests="1" name="Mainproject.AdminTest" time="7.784" errors="0" timestamp="2025-06-27T12:25:51 IST" skipped="0">
  <testcase classname="Mainproject.AdminTest" name="varifyifadmincanadduser" time="7.784"/>
</testsuite> <!-- Mainproject.AdminTest -->
