<?xml version="1.0" encoding="UTF-8"?>
<!-- Generated by org.testng.reporters.JUnitReportReporter -->
<testsuite hostname="DESKTOP-3P7B85N" failures="0" tests="1" name="Mainproject.AdminUserSearchTest" time="3.666" errors="0" timestamp="2025-06-23T12:01:14 IST" skipped="0">
  <testcase classname="Mainproject.AdminUserSearchTest" name="userSearch" time="3.666"/>
</testsuite> <!-- Mainproject.AdminUserSearchTest -->
