<?xml version="1.0" encoding="UTF-8"?>
<!-- Generated by org.testng.reporters.JUnitReportReporter -->
<testsuite hostname="DESKTOP-3P7B85N" failures="0" tests="1" name="Mainproject.Base" time="2.352" errors="0" timestamp="2025-06-13T10:37:09 IST" skipped="0">
  <testcase classname="Mainproject.Base" name="invokingBrowser" time="2.352"/>
</testsuite> <!-- Mainproject.Base -->
