<?xml version="1.0" encoding="UTF-8"?>
<!-- Generated by org.testng.reporters.JUnitReportReporter -->
<testsuite hostname="DESKTOP-3P7B85N" failures="0" tests="1" name="Mainproject.ManagenewsTest" time="5.449" errors="0" timestamp="2025-06-25T11:50:54 IST" skipped="0">
  <testcase classname="Mainproject.ManagenewsTest" name="addnews" time="5.449"/>
</testsuite> <!-- Mainproject.ManagenewsTest -->
